2025/05/28 21:36:39 [warn] 1#1: conflicting server name "localhost" on 0.0.0.0:80, ignored
2025/05/28 21:36:39 [notice] 1#1: using the "epoll" event method
2025/05/28 21:36:39 [notice] 1#1: nginx/1.21.6
2025/05/28 21:36:39 [notice] 1#1: built by gcc 10.3.1 20211027 (Alpine 10.3.1_git20211027) 
2025/05/28 21:36:39 [notice] 1#1: OS: Linux 6.8.12-5-pve
2025/05/28 21:36:39 [notice] 1#1: getrlimit(RLIMIT_NOFILE): 1048576:1048576
2025/05/28 21:36:39 [notice] 1#1: start worker processes
2025/05/28 21:36:39 [notice] 1#1: start worker process 31
2025/05/28 21:36:39 [notice] 1#1: start worker process 32
2025/05/28 21:39:41 [notice] 1#1: signal 3 (SIGQUIT) received, shutting down
2025/05/28 21:39:41 [notice] 31#31: gracefully shutting down
2025/05/28 21:39:41 [notice] 31#31: exiting
2025/05/28 21:39:41 [notice] 32#32: gracefully shutting down
2025/05/28 21:39:41 [notice] 32#32: exiting
2025/05/28 21:39:41 [notice] 31#31: exit
2025/05/28 21:39:41 [notice] 32#32: exit
2025/05/28 21:39:41 [notice] 1#1: signal 17 (SIGCHLD) received from 31
2025/05/28 21:39:41 [notice] 1#1: worker process 31 exited with code 0
2025/05/28 21:39:41 [notice] 1#1: signal 29 (SIGIO) received
2025/05/28 21:39:41 [notice] 1#1: signal 17 (SIGCHLD) received from 32
2025/05/28 21:39:41 [notice] 1#1: worker process 32 exited with code 0
2025/05/28 21:39:41 [notice] 1#1: exit
2025/05/28 21:39:59 [warn] 1#1: conflicting server name "localhost" on 0.0.0.0:80, ignored
2025/05/28 21:39:59 [notice] 1#1: using the "epoll" event method
2025/05/28 21:39:59 [notice] 1#1: nginx/1.21.6
2025/05/28 21:39:59 [notice] 1#1: built by gcc 10.3.1 20211027 (Alpine 10.3.1_git20211027) 
2025/05/28 21:39:59 [notice] 1#1: OS: Linux 6.8.12-5-pve
2025/05/28 21:39:59 [notice] 1#1: getrlimit(RLIMIT_NOFILE): 1048576:1048576
2025/05/28 21:39:59 [notice] 1#1: start worker processes
2025/05/28 21:39:59 [notice] 1#1: start worker process 31
2025/05/28 21:39:59 [notice] 1#1: start worker process 32
2025/05/28 21:48:50 [notice] 1#1: signal 3 (SIGQUIT) received, shutting down
2025/05/28 21:48:50 [notice] 31#31: gracefully shutting down
2025/05/28 21:48:50 [notice] 31#31: exiting
2025/05/28 21:48:50 [notice] 31#31: exit
2025/05/28 21:48:50 [notice] 32#32: gracefully shutting down
2025/05/28 21:48:50 [notice] 32#32: exiting
2025/05/28 21:48:50 [notice] 32#32: exit
2025/05/28 21:48:50 [notice] 1#1: signal 17 (SIGCHLD) received from 32
2025/05/28 21:48:50 [notice] 1#1: worker process 31 exited with code 0
2025/05/28 21:48:50 [notice] 1#1: worker process 32 exited with code 0
2025/05/28 21:48:50 [notice] 1#1: exit
2025/05/28 21:49:19 [notice] 1#1: using the "epoll" event method
2025/05/28 21:49:19 [notice] 1#1: nginx/1.21.6
2025/05/28 21:49:19 [notice] 1#1: built by gcc 10.3.1 20211027 (Alpine 10.3.1_git20211027) 
2025/05/28 21:49:19 [notice] 1#1: OS: Linux 6.8.12-5-pve
2025/05/28 21:49:19 [notice] 1#1: getrlimit(RLIMIT_NOFILE): 1048576:1048576
2025/05/28 21:49:19 [notice] 1#1: start worker processes
2025/05/28 21:49:19 [notice] 1#1: start worker process 22
2025/05/28 21:49:19 [notice] 1#1: start worker process 23
2025/05/28 21:52:32 [notice] 1#1: signal 3 (SIGQUIT) received, shutting down
2025/05/28 21:52:32 [notice] 23#23: gracefully shutting down
2025/05/28 21:52:32 [notice] 23#23: exiting
2025/05/28 21:52:32 [notice] 23#23: exit
2025/05/28 21:52:32 [notice] 22#22: gracefully shutting down
2025/05/28 21:52:32 [notice] 22#22: exiting
2025/05/28 21:52:32 [notice] 22#22: exit
2025/05/28 21:52:32 [notice] 1#1: signal 17 (SIGCHLD) received from 23
2025/05/28 21:52:32 [notice] 1#1: worker process 23 exited with code 0
2025/05/28 21:52:32 [notice] 1#1: signal 29 (SIGIO) received
2025/05/28 21:52:32 [notice] 1#1: signal 17 (SIGCHLD) received from 22
2025/05/28 21:52:32 [notice] 1#1: worker process 22 exited with code 0
2025/05/28 21:52:32 [notice] 1#1: exit
